[0410/120934.964:ERROR:process_info.cc(625)] range at 0xfffde000, size 0x230 fully unreadable
[0410/120934.973:ERROR:process_info.cc(625)] range at 0xfffdd000, size 0xf84 fully unreadable
[0410/120934.973:ERROR:process_info.cc(625)] range at 0xfffda000, size 0xf84 fully unreadable
[0410/120934.973:ERROR:process_info.cc(625)] range at 0xfffaf000, size 0xf84 fully unreadable
[0410/120934.973:ERROR:process_info.cc(625)] range at 0xfffd7000, size 0xf84 fully unreadable
[0410/120934.973:ERROR:process_info.cc(625)] range at 0xfffac000, size 0xf84 fully unreadable
[0410/120934.973:ERROR:process_info.cc(625)] range at 0xfffa9000, size 0xf84 fully unreadable
[0410/120934.974:ERROR:process_info.cc(625)] range at 0xfffa6000, size 0xf84 fully unreadable
[0410/120934.974:ERROR:process_info.cc(625)] range at 0xfffa0000, size 0xf84 fully unreadable
[0410/120934.974:ERROR:process_info.cc(625)] range at 0xfff9d000, size 0xf84 fully unreadable
[0410/120934.974:ERROR:process_info.cc(625)] range at 0xfffa3000, size 0xf84 fully unreadable
[0410/120934.974:ERROR:process_info.cc(625)] range at 0xfff9a000, size 0xf84 fully unreadable
[0410/120934.974:ERROR:process_info.cc(625)] range at 0xfff97000, size 0xf84 fully unreadable
[0410/120934.974:ERROR:process_info.cc(625)] range at 0xfff94000, size 0xf84 fully unreadable
[0410/120934.974:ERROR:process_info.cc(625)] range at 0xfff91000, size 0xf84 fully unreadable
[0410/120934.974:ERROR:process_info.cc(625)] range at 0xfff8e000, size 0xf84 fully unreadable
[0410/120934.974:ERROR:process_info.cc(625)] range at 0xfff8b000, size 0xf84 fully unreadable
[0410/120934.974:ERROR:process_info.cc(625)] range at 0xfff88000, size 0xf84 fully unreadable
[0410/120934.974:ERROR:process_info.cc(625)] range at 0xfff85000, size 0xf84 fully unreadable
[0410/120934.974:ERROR:process_info.cc(625)] range at 0xfff82000, size 0xf84 fully unreadable
[0410/120934.974:ERROR:process_info.cc(625)] range at 0xfff7f000, size 0xf84 fully unreadable
[0410/120934.974:ERROR:process_info.cc(625)] range at 0xfff7c000, size 0xf84 fully unreadable
[0410/120934.974:ERROR:process_info.cc(625)] range at 0xfff79000, size 0xf84 fully unreadable
[0410/120934.974:ERROR:process_info.cc(625)] range at 0xfff76000, size 0xf84 fully unreadable
[0410/120934.974:ERROR:process_info.cc(625)] range at 0xfff73000, size 0xf84 fully unreadable
[0410/120934.974:ERROR:process_info.cc(625)] range at 0xfff70000, size 0xf84 fully unreadable
[0410/120934.974:ERROR:process_info.cc(625)] range at 0xfff6d000, size 0xf84 fully unreadable
[0410/120934.974:ERROR:process_info.cc(625)] range at 0xfff6a000, size 0xf84 fully unreadable
[0410/120934.974:ERROR:process_info.cc(625)] range at 0xfff67000, size 0xf84 fully unreadable
[0410/120934.974:ERROR:process_info.cc(625)] range at 0xfff64000, size 0xf84 fully unreadable
[0410/120934.974:ERROR:process_info.cc(625)] range at 0xfff61000, size 0xf84 fully unreadable
[0410/120934.974:ERROR:process_info.cc(625)] range at 0xfff5e000, size 0xf84 fully unreadable
[0410/120934.975:ERROR:process_info.cc(625)] range at 0xfff5b000, size 0xf84 fully unreadable
[0410/120934.975:ERROR:process_info.cc(625)] range at 0xfff58000, size 0xf84 fully unreadable
[0410/120934.975:ERROR:process_info.cc(625)] range at 0xfff55000, size 0xf84 fully unreadable
[0410/120934.975:ERROR:process_info.cc(625)] range at 0xfff52000, size 0xf84 fully unreadable
[0410/120934.975:ERROR:process_info.cc(625)] range at 0xfff4f000, size 0xf84 fully unreadable
[0410/120934.975:ERROR:process_info.cc(625)] range at 0xfff4c000, size 0xf84 fully unreadable
[0410/120934.975:ERROR:process_info.cc(625)] range at 0xfff49000, size 0xf84 fully unreadable
[0410/142010.057:ERROR:process_info.cc(625)] range at 0xfffde000, size 0x230 fully unreadable
[0410/142010.099:ERROR:process_info.cc(625)] range at 0xfffdd000, size 0xf84 fully unreadable
[0410/142010.099:ERROR:process_info.cc(625)] range at 0xfffda000, size 0xf84 fully unreadable
[0410/142010.099:ERROR:process_info.cc(625)] range at 0xfffaf000, size 0xf84 fully unreadable
[0410/142010.099:ERROR:process_info.cc(625)] range at 0xfffd7000, size 0xf84 fully unreadable
[0410/142010.099:ERROR:process_info.cc(625)] range at 0xfffac000, size 0xf84 fully unreadable
[0410/142010.099:ERROR:process_info.cc(625)] range at 0xfffa9000, size 0xf84 fully unreadable
[0410/142010.099:ERROR:process_info.cc(625)] range at 0xfffa6000, size 0xf84 fully unreadable
[0410/142010.099:ERROR:process_info.cc(625)] range at 0xfffa0000, size 0xf84 fully unreadable
[0410/142010.099:ERROR:process_info.cc(625)] range at 0xfff9d000, size 0xf84 fully unreadable
[0410/142010.100:ERROR:process_info.cc(625)] range at 0xfff9a000, size 0xf84 fully unreadable
[0410/142010.100:ERROR:process_info.cc(625)] range at 0xfff97000, size 0xf84 fully unreadable
[0410/142010.100:ERROR:process_info.cc(625)] range at 0xfff94000, size 0xf84 fully unreadable
[0410/142010.100:ERROR:process_info.cc(625)] range at 0xfff91000, size 0xf84 fully unreadable
[0410/142010.100:ERROR:process_info.cc(625)] range at 0xfff8e000, size 0xf84 fully unreadable
[0410/142010.100:ERROR:process_info.cc(625)] range at 0xfff8b000, size 0xf84 fully unreadable
[0410/142010.100:ERROR:process_info.cc(625)] range at 0xfff88000, size 0xf84 fully unreadable
[0410/142010.100:ERROR:process_info.cc(625)] range at 0xfff85000, size 0xf84 fully unreadable
[0410/142010.100:ERROR:process_info.cc(625)] range at 0xfff82000, size 0xf84 fully unreadable
[0410/142010.100:ERROR:process_info.cc(625)] range at 0xfff7f000, size 0xf84 fully unreadable
[0410/142010.100:ERROR:process_info.cc(625)] range at 0xfff7c000, size 0xf84 fully unreadable
[0410/142010.100:ERROR:process_info.cc(625)] range at 0xfff79000, size 0xf84 fully unreadable
[0410/142010.100:ERROR:process_info.cc(625)] range at 0xfff76000, size 0xf84 fully unreadable
[0410/142010.100:ERROR:process_info.cc(625)] range at 0xfff73000, size 0xf84 fully unreadable
[0410/142010.100:ERROR:process_info.cc(625)] range at 0xfff70000, size 0xf84 fully unreadable
[0410/142010.100:ERROR:process_info.cc(625)] range at 0xfff6d000, size 0xf84 fully unreadable
[0410/142010.100:ERROR:process_info.cc(625)] range at 0xfff6a000, size 0xf84 fully unreadable
[0410/142010.100:ERROR:process_info.cc(625)] range at 0xfff67000, size 0xf84 fully unreadable
[0410/142010.100:ERROR:process_info.cc(625)] range at 0xfff64000, size 0xf84 fully unreadable
[0410/142010.100:ERROR:process_info.cc(625)] range at 0xfff61000, size 0xf84 fully unreadable
[0410/142010.100:ERROR:process_info.cc(625)] range at 0xfff5e000, size 0xf84 fully unreadable
[0410/142010.100:ERROR:process_info.cc(625)] range at 0xfff5b000, size 0xf84 fully unreadable
[0410/142010.100:ERROR:process_info.cc(625)] range at 0xfff55000, size 0xf84 fully unreadable
[0410/142010.100:ERROR:process_info.cc(625)] range at 0xfff52000, size 0xf84 fully unreadable
[0410/142010.100:ERROR:process_info.cc(625)] range at 0xfff4c000, size 0xf84 fully unreadable
[0410/142010.101:ERROR:process_info.cc(625)] range at 0xfff49000, size 0xf84 fully unreadable
[0410/142010.101:ERROR:process_info.cc(625)] range at 0xfffa3000, size 0xf84 fully unreadable
[0410/161953.656:ERROR:exception_snapshot_win.cc(87)] thread ID 8884 not found in process
[0410/161953.699:WARNING:crash_report_exception_handler.cc(60)] ProcessSnapshotWin::Initialize failed
[0411/104011.757:ERROR:process_reader_win.cc(99)] process 8792 not found
[0411/104011.758:ERROR:exception_snapshot_win.cc(87)] thread ID 8852 not found in process
[0411/104011.758:WARNING:crash_report_exception_handler.cc(60)] ProcessSnapshotWin::Initialize failed
[0411/104011.758:ERROR:scoped_process_suspend.cc(38)] NtResumeProcess: An attempt was made to access an exiting process.  (0xc000010a)
[0414/062111.833:ERROR:process_info.cc(625)] range at 0xfffde000, size 0x230 fully unreadable
[0414/062111.843:ERROR:process_info.cc(625)] range at 0xfffdd000, size 0xf84 fully unreadable
[0414/062111.843:ERROR:process_info.cc(625)] range at 0xfffda000, size 0xf84 fully unreadable
[0414/062111.843:ERROR:process_info.cc(625)] range at 0xfffaf000, size 0xf84 fully unreadable
[0414/062111.843:ERROR:process_info.cc(625)] range at 0xfffd7000, size 0xf84 fully unreadable
[0414/062111.843:ERROR:process_info.cc(625)] range at 0xfffac000, size 0xf84 fully unreadable
[0414/062111.843:ERROR:process_info.cc(625)] range at 0xfffa9000, size 0xf84 fully unreadable
[0414/062111.843:ERROR:process_info.cc(625)] range at 0xfffa6000, size 0xf84 fully unreadable
[0414/062111.843:ERROR:process_info.cc(625)] range at 0xfffa0000, size 0xf84 fully unreadable
[0414/062111.843:ERROR:process_info.cc(625)] range at 0xfff9d000, size 0xf84 fully unreadable
[0414/062111.843:ERROR:process_info.cc(625)] range at 0xfffa3000, size 0xf84 fully unreadable
[0414/062111.843:ERROR:process_info.cc(625)] range at 0xfff9a000, size 0xf84 fully unreadable
[0414/062111.843:ERROR:process_info.cc(625)] range at 0xfff97000, size 0xf84 fully unreadable
[0414/062111.843:ERROR:process_info.cc(625)] range at 0xfff94000, size 0xf84 fully unreadable
[0414/062111.843:ERROR:process_info.cc(625)] range at 0xfff91000, size 0xf84 fully unreadable
[0414/062111.844:ERROR:process_info.cc(625)] range at 0xfff8e000, size 0xf84 fully unreadable
[0414/062111.844:ERROR:process_info.cc(625)] range at 0xfff8b000, size 0xf84 fully unreadable
[0414/062111.844:ERROR:process_info.cc(625)] range at 0xfff88000, size 0xf84 fully unreadable
[0414/062111.844:ERROR:process_info.cc(625)] range at 0xfff85000, size 0xf84 fully unreadable
[0414/062111.844:ERROR:process_info.cc(625)] range at 0xfff82000, size 0xf84 fully unreadable
[0414/062111.844:ERROR:process_info.cc(625)] range at 0xfff7f000, size 0xf84 fully unreadable
[0414/062111.844:ERROR:process_info.cc(625)] range at 0xfff7c000, size 0xf84 fully unreadable
[0414/062111.844:ERROR:process_info.cc(625)] range at 0xfff79000, size 0xf84 fully unreadable
[0414/062111.844:ERROR:process_info.cc(625)] range at 0xfff76000, size 0xf84 fully unreadable
[0414/062111.844:ERROR:process_info.cc(625)] range at 0xfff73000, size 0xf84 fully unreadable
[0414/062111.844:ERROR:process_info.cc(625)] range at 0xfff70000, size 0xf84 fully unreadable
[0414/062111.844:ERROR:process_info.cc(625)] range at 0xfff6d000, size 0xf84 fully unreadable
[0414/062111.844:ERROR:process_info.cc(625)] range at 0xfff6a000, size 0xf84 fully unreadable
[0414/062111.844:ERROR:process_info.cc(625)] range at 0xfff67000, size 0xf84 fully unreadable
[0414/062111.844:ERROR:process_info.cc(625)] range at 0xfff64000, size 0xf84 fully unreadable
[0414/062111.844:ERROR:process_info.cc(625)] range at 0xfff61000, size 0xf84 fully unreadable
[0414/062111.844:ERROR:process_info.cc(625)] range at 0xfff5e000, size 0xf84 fully unreadable
[0414/062111.844:ERROR:process_info.cc(625)] range at 0xfff5b000, size 0xf84 fully unreadable
[0414/062111.844:ERROR:process_info.cc(625)] range at 0xfff58000, size 0xf84 fully unreadable
[0414/062111.844:ERROR:process_info.cc(625)] range at 0xfff55000, size 0xf84 fully unreadable
[0414/062111.844:ERROR:process_info.cc(625)] range at 0xfff52000, size 0xf84 fully unreadable
[0414/062111.844:ERROR:process_info.cc(625)] range at 0xfff4f000, size 0xf84 fully unreadable
[0414/062111.844:ERROR:process_info.cc(625)] range at 0xfff4c000, size 0xf84 fully unreadable
[0414/062111.844:ERROR:process_info.cc(625)] range at 0xfff49000, size 0xf84 fully unreadable
[0414/062111.844:ERROR:process_info.cc(625)] range at 0xfff46000, size 0xf84 fully unreadable
[0414/062111.844:ERROR:process_info.cc(625)] range at 0xfff43000, size 0xf84 fully unreadable
[0414/062111.844:ERROR:process_info.cc(625)] range at 0xfff40000, size 0xf84 fully unreadable
[0414/062111.844:ERROR:process_info.cc(625)] range at 0xfff3d000, size 0xf84 fully unreadable
[0414/062111.845:ERROR:process_info.cc(625)] range at 0xfff3a000, size 0xf84 fully unreadable
[0414/062111.845:ERROR:process_info.cc(625)] range at 0xfff37000, size 0xf84 fully unreadable
[0414/062111.845:ERROR:process_info.cc(625)] range at 0xfff34000, size 0xf84 fully unreadable
[0414/062111.845:ERROR:process_info.cc(625)] range at 0xfff31000, size 0xf84 fully unreadable
[0414/062111.845:ERROR:process_info.cc(625)] range at 0xfff2e000, size 0xf84 fully unreadable
[0414/062111.845:ERROR:process_info.cc(625)] range at 0xfff2b000, size 0xf84 fully unreadable
[0414/062111.845:ERROR:process_info.cc(625)] range at 0xfff28000, size 0xf84 fully unreadable
[0414/062111.845:ERROR:process_info.cc(625)] range at 0xfff25000, size 0xf84 fully unreadable
[0414/062111.845:ERROR:process_info.cc(625)] range at 0xfff22000, size 0xf84 fully unreadable
[0414/062111.845:ERROR:process_info.cc(625)] range at 0xfff1f000, size 0xf84 fully unreadable
[0414/062111.845:ERROR:process_info.cc(625)] range at 0xfff1c000, size 0xf84 fully unreadable
[0414/062111.845:ERROR:process_info.cc(625)] range at 0xfff19000, size 0xf84 fully unreadable
[0518/103934.455:ERROR:scoped_process_suspend.cc(30)] NtSuspendProcess: An attempt was made to access an exiting process.  (0xc000010a)
[0518/103934.475:ERROR:process_info.cc(116)] ReadProcessMemory bool __cdecl crashpad::`anonymous-namespace'::ReadStruct<struct crashpad::process_types::PEB<struct crashpad::process_types::internal::Traits64>>(void *,unsigned __int64,struct crashpad::process_types::PEB<struct crashpad::process_types::internal::Traits64> *): Only part of a ReadProcessMemory or WriteProcessMemory request was completed. (0x12B)
[0518/103934.475:ERROR:process_info.cc(559)] ReadProcessData failed
[0518/103934.475:ERROR:process_reader_win.cc(233)] ReadMemory at 0x7fef3ff2968 of 12 bytes failed: Only part of a ReadProcessMemory or WriteProcessMemory request was completed. (0x12B)
[0518/103934.475:WARNING:process_snapshot_win.cc(68)] ReadMemory ExceptionInformation failed
[0518/103934.475:WARNING:crash_report_exception_handler.cc(60)] ProcessSnapshotWin::Initialize failed
[0522/102949.459:ERROR:exception_snapshot_win.cc(87)] thread ID 10520 not found in process
[0522/102949.461:WARNING:crash_report_exception_handler.cc(60)] ProcessSnapshotWin::Initialize failed
